2026-01-18 13:58:18 [32minfo[39m: [32mLogger initialized[39m
2026-01-18 13:58:18 [37mdebug[39m: [37mDebugging info[39m
2026-01-18 13:58:18 [33mwarn[39m: [33mThis is a warning[39m
2026-01-18 13:58:18 [31merror[39m: [31mThis is an error message[39m
2026-01-18 14:02:54 [32minfo[39m: [32mLogger initialized[39m
2026-01-18 14:02:54 [37mdebug[39m: [37mDebugging info[39m
2026-01-18 14:02:54 [33mwarn[39m: [33mThis is a warning[39m
2026-01-18 14:02:54 [31merror[39m: [31mThis is an error message[39m
2026-01-18 14:04:35 [32minfo[39m: [32mLogger initialized[39m
2026-01-18 14:04:35 [37mdebug[39m: [37mDebugging info[39m
2026-01-18 14:04:35 [33mwarn[39m: [33mThis is a warning[39m
2026-01-18 14:04:35 [31merror[39m: [31mThis is an error message[39m
2026-01-18 14:06:00 [32minfo[39m: [32mLogger initialized[39m
2026-01-18 14:06:00 [33mwarn[39m: [33mThis is a warning[39m
2026-01-18 14:06:00 [31merror[39m: [31mThis is an error message[39m
2026-01-18 14:12:32 [32minfo[39m: [32mLogger initialized[39m
2026-01-18 14:12:32 [33mwarn[39m: [33mThis is a warning[39m
2026-01-18 14:12:32 [31merror[39m: [31mThis is an error message[39m
2026-01-18 14:12:58 [32minfo[39m: [32mLogger initialized[39m
2026-01-18 14:12:58 [33mwarn[39m: [33mThis is a warning[39m
2026-01-18 14:12:58 [31merror[39m: [31mThis is an error message[39m
2026-01-18 14:13:03 [32minfo[39m: [32mLogger initialized[39m
2026-01-18 14:13:03 [33mwarn[39m: [33mThis is a warning[39m
2026-01-18 14:13:03 [31merror[39m: [31mThis is an error message[39m
2026-01-18 14:13:21 [32minfo[39m: [32mLogger initialized[39m
2026-01-18 14:13:21 [33mwarn[39m: [33mThis is a warning[39m
2026-01-18 14:13:21 [31merror[39m: [31mThis is an error message[39m
2026-01-18 14:18:43 [32minfo[39m: [32mLogger initialized[39m
2026-01-18 14:18:43 [37mdebug[39m: [37mDebugging info[39m
2026-01-18 14:18:43 [33mwarn[39m: [33mThis is a warning[39m
2026-01-18 14:18:43 [31merror[39m: [31mThis is an error message[39m
2026-01-18 14:22:36 info: Logger initialized
2026-01-18 14:22:36 debug: Debugging info
2026-01-18 14:22:36 warn: This is a warning
2026-01-18 14:22:36 error: This is an error message
2026-01-18 14:22:52 info: Logger initialized
2026-01-18 14:22:52 debug: Debugging info
2026-01-18 14:22:52 warn: This is a warning
2026-01-18 14:22:52 error: This is an error message
2026-01-18 15:14:09 info: Logger initialized
2026-01-18 15:14:09 debug: Debugging info
2026-01-18 15:14:09 warn: This is a warning
2026-01-18 15:14:09 error: This is an error message
2026-01-18 15:43:03 info: Logger initialized
2026-01-18 15:43:03 debug: Debugging info
2026-01-18 15:43:03 warn: This is a warning
2026-01-18 15:43:03 error: This is an error message
